<?xml version="1.0" encoding="UTF-8"?>
<!-- Generated by org.testng.reporters.JUnitReportReporter -->
<testsuite hostname="DESKTOP-U25LM2D" failures="0" tests="4" name="testCases.TC003_LoginDDT" time="42.222" errors="0" timestamp="2025-04-28T22:12:06 IST" skipped="0">
  <testcase classname="testCases.TC003_LoginDDT" name="verify_loginDDT" time="12.810"/>
  <testcase classname="testCases.TC003_LoginDDT" name="verify_loginDDT" time="13.061"/>
  <testcase classname="testCases.TC003_LoginDDT" name="verify_loginDDT" time="4.135"/>
  <testcase classname="testCases.TC003_LoginDDT" name="verify_loginDDT" time="12.216"/>
</testsuite> <!-- testCases.TC003_LoginDDT -->
